0 info it worked if it ends with ok
1 verbose cli [ '/usr/local/bin/node', '/usr/local/bin/npm', 'run', 'lint:js' ]
2 info using npm@3.10.10
3 info using node@v6.11.4
4 verbose run-script [ 'prelint:js', 'lint:js', 'postlint:js' ]
5 info lifecycle pge@2.1.0~prelint:js: pge@2.1.0
6 silly lifecycle pge@2.1.0~prelint:js: no script for prelint:js, continuing
7 info lifecycle pge@2.1.0~lint:js: pge@2.1.0
8 verbose lifecycle pge@2.1.0~lint:js: unsafe-perm in lifecycle true
9 verbose lifecycle pge@2.1.0~lint:js: PATH: /usr/local/lib/node_modules/npm/bin/node-gyp-bin:/Users/benriegel/Desktop/Projects/PGE/PGE_v21/node_modules/.bin:/usr/local/bin:/usr/bin:/bin:/usr/sbin:/sbin
10 verbose lifecycle pge@2.1.0~lint:js: CWD: /Users/benriegel/Desktop/Projects/PGE/PGE_v21
11 silly lifecycle pge@2.1.0~lint:js: Args: [ '-c', 'eslint ./app' ]
12 silly lifecycle pge@2.1.0~lint:js: Returned: code: 1  signal: null
13 info lifecycle pge@2.1.0~lint:js: Failed to exec lint:js script
14 verbose stack Error: pge@2.1.0 lint:js: `eslint ./app`
14 verbose stack Exit status 1
14 verbose stack     at EventEmitter.<anonymous> (/usr/local/lib/node_modules/npm/lib/utils/lifecycle.js:255:16)
14 verbose stack     at emitTwo (events.js:106:13)
14 verbose stack     at EventEmitter.emit (events.js:191:7)
14 verbose stack     at ChildProcess.<anonymous> (/usr/local/lib/node_modules/npm/lib/utils/spawn.js:40:14)
14 verbose stack     at emitTwo (events.js:106:13)
14 verbose stack     at ChildProcess.emit (events.js:191:7)
14 verbose stack     at maybeClose (internal/child_process.js:920:16)
14 verbose stack     at Process.ChildProcess._handle.onexit (internal/child_process.js:230:5)
15 verbose pkgid pge@2.1.0
16 verbose cwd /Users/benriegel/Desktop/Projects/PGE/PGE_v21
17 error Darwin 17.7.0
18 error argv "/usr/local/bin/node" "/usr/local/bin/npm" "run" "lint:js"
19 error node v6.11.4
20 error npm  v3.10.10
21 error code ELIFECYCLE
22 error pge@2.1.0 lint:js: `eslint ./app`
22 error Exit status 1
23 error Failed at the pge@2.1.0 lint:js script 'eslint ./app'.
23 error Make sure you have the latest version of node.js and npm installed.
23 error If you do, this is most likely a problem with the pge package,
23 error not with npm itself.
23 error Tell the author that this fails on your system:
23 error     eslint ./app
23 error You can get information on how to open an issue for this project with:
23 error     npm bugs pge
23 error Or if that isn't available, you can get their info via:
23 error     npm owner ls pge
23 error There is likely additional logging output above.
24 verbose exit [ 1, true ]
